Retrieving project…
Deploying beharks-projects/outreach-web
Uploading [--------------------] (0.0B/679B)
Uploading [====================] (679.0B/679B)
Inspect: https://vercel.com/beharks-projects/outreach-web/5DeDrVzQBP4suHBHMzaNCC9eAAf9 [3s]
Production: https://outreach-ayzajsr0g-beharks-projects.vercel.app [3s]
https://outreach-ayzajsr0g-beharks-projects.vercel.appBuilding...
Building...
Building: Running build in Washington, D.C., USA (East) – iad1
Building: Build machine configuration: 4 cores, 8 GB
Building: Retrieving list of deployment files...
Building: Previous build caches not available.
Building: Downloading 27 deployment files...
Building: Running "vercel build"
Building: Vercel CLI 51.2.1
Building: Installing dependencies...
Building: added 455 packages in 13s
Building: 154 packages are looking for funding
Building: run `npm fund` for details
Building: Detected Next.js version: 16.2.4
Building: Running "npm run build"
Building: > outreach-web@0.1.0 build
Building: > prisma generate && next build
Building: Loaded Prisma config from prisma.config.ts.
Building: Prisma schema loaded from prisma/schema.prisma.
Building: ✔ Generated Prisma Client (v7.7.0) to ./node_modules/@prisma/client in 84ms
Building: Start by importing your Prisma Client (See: https://pris.ly/d/importing-client)
Building: Applying modifyConfig from Vercel
Building: Attention: Next.js now collects completely anonymous telemetry regarding usage.
Building: This information is used to shape Next.js' roadmap and prioritize features.
Building: You can learn more, including how to opt-out if you'd not like to participate in this anonymous program, by visiting the following URL:
Building: https://nextjs.org/telemetry
Building: ▲ Next.js 16.2.4 (Turbopack)
Building: - Environments: .env
Building: Creating an optimized production build ...
Building: ✓ Compiled successfully in 2.5s
Building: Running TypeScript ...
Building: Finished TypeScript in 2.2s ...
Building: Collecting page data using 3 workers ...
Building: Generating static pages using 3 workers (0/6) ...
Building: Generating static pages using 3 workers (1/6)
Building: Generating static pages using 3 workers (2/6)
Building: Generating static pages using 3 workers (4/6)
Building: ✓ Generating static pages using 3 workers (6/6) in 157ms
Building: Finalizing page optimization ...
Building: Running onBuildComplete from Vercel
Building: Detected .env file, it is strongly recommended to use Vercel's env handling instead
Building: Route (app)
Building: ┌ ○ /
Building: ├ ○ /_not-found
Building: ├ ƒ /api/leads
Building: └ ƒ /api/status
Building: ○  (Static)   prerendered as static content
Building: ƒ  (Dynamic)  server-rendered on demand
Building: Build Completed in /vercel/output [21s]
Building: Deploying outputs...
Building: Deployment completed
Building: Creating build cache...
[2K[1A[2K[GProduction: https://outreach-ayzajsr0g-beharks-projects.vercel.app [35s]
Completing...
Aliased: https://outreach-web-rust.vercel.app [35s]

Common next commands:
- `vercel inspect outreach-ayzajsr0g-beharks-projects.vercel.app --logs`
- `vercel redeploy outreach-ayzajsr0g-beharks-projects.vercel.app`
